<?xml version="1.0" encoding="utf-8"?><testsuites name="pytest tests"><testsuite name="pytest" errors="0" failures="0" skipped="3" tests="593" time="95.642" timestamp="2026-09-23T22:45:53.752732+08:00" hostname="Jason"><testcase classname="core.test_auth_sessions.SessionTokenContractTests" name="test_customer_session_token_excludes_large_profile_data" time="0.211" /><testcase classname="core.test_auth_sessions.StaffPhoneValidationContractTests" name="test_auth_me_returns_saved_phone_for_admin_and_warehouse_staff" time="0.040" /><testcase classname="core.test_auth_sessions.StaffPhoneValidationContractTests" name="test_staff_phone_update_persists_valid_philippine_mobile" time="0.014" /><testcase classname="core.test_auth_sessions.StaffPhoneValidationContractTests" name="test_staff_phone_update_rejects_non_numeric_or_invalid_mobile" time="0.013" /><testcase classname="core.test_auth_sessions.PasswordPolicyContractTests" name="test_auth_register_rejects_weak_password" time="0.007" /><testcase classname="core.test_auth_sessions.PasswordPolicyContractTests" name="test_customer_update_rejects_weak_password" time="0.009" /><testcase classname="core.test_auth_sessions.PasswordPolicyContractTests" name="test_password_reset_rejects_weak_password_before_otp_validation" time="0.009" /><testcase classname="core.test_auth_sessions.PasswordPolicyContractTests" name="test_users_collection_rejects_weak_password" time="0.007" /><testcase classname="core.test_auth_sessions.AuthMeTabSessionTests" name="test_customer_restore_returns_existing_verified_token_without_cache" time="0.017" /><testcase classname="core.test_auth_sessions.AuthMeTabSessionTests" name="test_staff_restore_returns_existing_verified_token_without_cache" time="0.007" /><testcase classname="core.test_auth_sessions.AuthMeTabSessionTests" name="test_unauthenticated_restore_never_returns_a_token" time="0.003" /><testcase classname="core.test_auth_sessions.ConcurrentPortalCookieTests" name="test_four_cookie_sessions_restore_and_logout_independently" time="0.020" /><testcase classname="core.test_auth_sessions.ConcurrentPortalCookieTests" name="test_warehouse_legacy_cookie_cannot_restore_or_authorize_admin" time="0.007" /><testcase classname="core.test_auth_throttling.AuthenticationThrottleTests" name="test_login_delay_increases_and_fifth_failure_locks_temporarily" time="0.043" /><testcase classname="core.test_auth_throttling.AuthenticationThrottleTests" name="test_login_is_limited_by_account_and_source_ip" time="0.015" /><testcase classname="core.test_auth_throttling.AuthenticationThrottleTests" name="test_password_reset_otp_failure_adds_progressive_delay" time="0.013" /><testcase classname="core.test_auth_throttling.AuthenticationThrottleTests" name="test_password_reset_otp_send_is_limited" time="0.024" /><testcase classname="core.test_auth_throttling.AuthenticationThrottleTests" name="test_repeated_admin_login_failures_send_one_security_alert" time="0.024" /><testcase classname="core.test_auth_throttling.AuthenticationThrottleTests" name="test_repeated_admin_otp_failures_send_one_security_alert" time="0.028" /><testcase classname="core.test_auth_trip_feedback_flows.AuthenticationFlowTests" name="test_customer_email_verification_request_and_confirm_issue_token" time="0.614" /><testcase classname="core.test_auth_trip_feedback_flows.AuthenticationFlowTests" name="test_customer_google_auth_creates_verified_account_pending_approval" time="1.180" /><testcase classname="core.test_auth_trip_feedback_flows.AuthenticationFlowTests" name="test_customer_google_auth_rejects_unverified_email" time="0.575" /><testcase classname="core.test_auth_trip_feedback_flows.AuthenticationFlowTests" name="test_generic_staff_login_returns_the_account_role" time="1.845" /><testcase classname="core.test_auth_trip_feedback_flows.AuthenticationFlowTests" name="test_invalid_staff_password_is_rejected_without_updating_last_login" time="1.227" /><testcase classname="core.test_auth_trip_feedback_flows.AuthenticationFlowTests" name="test_login_two_factor_challenge_and_valid_otp_issue_session" time="1.437" /><testcase classname="core.test_auth_trip_feedback_flows.AuthenticationFlowTests" name="test_login_two_factor_rejects_invalid_otp" time="1.243" /><testcase classname="core.test_auth_trip_feedback_flows.AuthenticationFlowTests" name="test_password_reset_otp_updates_customer_password" time="2.298" /><testcase classname="core.test_auth_trip_feedback_flows.AuthenticationFlowTests" name="test_staff_google_auth_requires_a_credential" time="0.576" /><testcase classname="core.test_auth_trip_feedback_flows.AuthenticationFlowTests" name="test_valid_staff_credentials_create_token_and_update_last_login" time="1.160" /><testcase classname="core.test_auth_trip_feedback_flows.TripCompletionTests" name="test_trip_complete_closes_trip_when_all_drop_points_are_resolved" time="0.027" /><testcase classname="core.test_auth_trip_feedback_flows.FeedbackFlowTests" name="test_completed_order_feedback_is_persisted" time="0.021" /><testcase classname="core.test_auth_trip_feedback_flows.FeedbackFlowTests" name="test_duplicate_feedback_for_the_same_order_is_rejected" time="0.021" /><testcase classname="core.test_customer_orders.CustomerTrackingApiContractTests" name="test_customer_profile_put_persists_first_and_last_names" time="0.012" /><testcase classname="core.test_customer_orders.CustomerTrackingApiContractTests" name="test_customer_tracking_returns_status_and_order_status_for_compatibility" time="0.033" /><testcase classname="core.test_customer_orders.CustomerOrdersApiContractTests" name="test_customer_cancellation_requires_and_saves_reason" time="0.044" /><testcase classname="core.test_customer_orders.CustomerOrdersApiContractTests" name="test_customer_cannot_cancel_preparing_order" time="0.015" /><testcase classname="core.test_customer_orders.CustomerOrdersApiContractTests" name="test_customer_order_create_defaults_to_pending" time="0.134" /><testcase classname="core.test_customer_orders.CustomerOrdersApiContractTests" name="test_customer_order_list_queries_do_not_grow_per_order" time="0.076" /><testcase classname="core.test_customer_orders.CustomerOrdersApiContractTests" name="test_customer_orders_falls_back_to_completed_stop_pod_photo" time="0.025" /><testcase classname="core.test_customer_orders.CustomerOrdersApiContractTests" name="test_customer_orders_rejects_non_customer_tokens" time="0.008" /><testcase classname="core.test_customer_orders.CustomerOrdersApiContractTests" name="test_customer_orders_returns_only_authenticated_customer_orders_and_shape" time="0.026" /><testcase classname="core.test_customer_orders.CustomerOrdersApiContractTests" name="test_order_payload_exposes_inventory_transaction_ids_only_after_delivery" time="0.040" /><testcase classname="core.test_customer_orders.CustomerOrdersPostApiContractTests" name="test_customer_orders_post_adds_standard_case_deposit_to_total" time="0.109" /><testcase classname="core.test_customer_orders.CustomerOrdersPostApiContractTests" name="test_customer_orders_post_auto_assigns_nearest_fulfillable_warehouse_when_not_provided" time="0.109" /><testcase classname="core.test_customer_orders.CustomerOrdersPostApiContractTests" name="test_customer_orders_post_requires_items" time="0.010" /><testcase classname="core.test_customer_orders.CustomerOrdersPostApiContractTests" name="test_customer_orders_post_reserves_and_cancellation_releases_inventory" time="0.142" /><testcase classname="core.test_customer_orders.CustomerOrdersPostApiContractTests" name="test_customer_orders_post_succeeds_when_post_commit_notifications_fail" time="0.128" /><testcase classname="core.test_customer_orders.CustomerOrdersPostApiContractTests" name="test_large_insufficient_request_remains_visible_without_over_reserving" time="0.131" /><testcase classname="core.test_customer_orders.CustomerOrdersPostApiContractTests" name="test_second_purchase_request_submission_does_not_overbook_reserved_stock" time="0.278" /><testcase classname="core.test_customer_orders.CustomerCreationPermissionContractTests" name="test_super_admin_cannot_create_customer_account" time="0.008" /><testcase classname="core.test_customer_orders.PurchaseOrderApprovalStockTests" name="test_approval_counts_stock_already_reserved_by_other_requests" time="0.205" /><testcase classname="core.test_customer_orders.PurchaseOrderApprovalStockTests" name="test_approval_is_all_or_nothing_across_products" time="0.165" /><testcase classname="core.test_customer_orders.PurchaseOrderApprovalStockTests" name="test_approval_rechecks_stock_and_returns_conflict_without_reserving" time="0.102" /><testcase classname="core.test_customer_orders.PurchaseOrderApprovalStockTests" name="test_catalog_hides_reserved_cases_and_delivery_deducts_once" time="0.230" /><testcase classname="core.test_customer_orders.PurchaseOrderApprovalStockTests" name="test_customer_cancellation_of_pending_request_releases_reserved_cases" time="0.147" /><testcase classname="core.test_customer_orders.PurchaseOrderApprovalStockTests" name="test_staff_cancellation_after_approval_releases_reserved_cases" time="0.180" /><testcase classname="core.test_customer_orders.PurchaseOrderApprovalStockTests" name="test_staff_rejection_of_pending_request_releases_reserved_cases" time="0.157" /><testcase classname="core.test_customer_orders.PurchaseOrderApprovalStockTests" name="test_unbatched_legacy_inventory_is_not_sellable_and_approval_says_so" time="0.110" /><testcase classname="core.test_customer_registration_approval.RegistrationIsPendingTests" name="test_registration_is_received_without_a_session" time="0.569" /><testcase classname="core.test_customer_registration_approval.RegistrationIsPendingTests" name="test_registration_notifies_administrators_only" time="0.584" /><testcase classname="core.test_customer_registration_approval.RegistrationIsPendingTests" name="test_the_new_account_cannot_restore_or_sign_in" time="1.164" /><testcase classname="core.test_customer_registration_approval.SignInGateTests" name="test_a_wrong_password_never_reveals_the_review_status" time="1.153" /><testcase classname="core.test_customer_registration_approval.SignInGateTests" name="test_accounts_created_outside_registration_default_to_approved" time="0.003" /><testcase classname="core.test_customer_registration_approval.SignInGateTests" name="test_approved_and_existing_accounts_still_sign_in" time="1.169" /><testcase classname="core.test_customer_registration_approval.SignInGateTests" name="test_customer_google_refuses_an_existing_pending_account" time="0.577" /><testcase classname="core.test_customer_registration_approval.SignInGateTests" name="test_customer_google_registers_a_new_account_as_pending" time="0.593" /><testcase classname="core.test_customer_registration_approval.SignInGateTests" name="test_password_login_refuses_a_pending_account" time="1.154" /><testcase classname="core.test_customer_registration_approval.SignInGateTests" name="test_password_login_states_the_rejection_reason" time="1.144" /><testcase classname="core.test_customer_registration_approval.SignInGateTests" name="test_session_restore_refuses_a_pending_account" time="0.573" /><testcase classname="core.test_customer_registration_approval.SignInGateTests" name="test_two_factor_account_is_refused_before_a_code_is_sent" time="1.157" /><testcase classname="core.test_customer_registration_approval.SignInGateTests" name="test_two_factor_completion_refuses_a_pending_account" time="0.607" /><testcase classname="core.test_customer_registration_approval.SignInGateTests" name="test_unified_google_refuses_a_pending_account" time="0.597" /><testcase classname="core.test_customer_registration_approval.SignInGateTests" name="test_unified_login_refuses_a_pending_account" time="1.203" /><testcase classname="core.test_customer_registration_approval.AdminReviewTests" name="test_a_rejected_registration_can_be_approved_later" time="0.934" /><testcase classname="core.test_customer_registration_approval.AdminReviewTests" name="test_an_approved_account_cannot_be_rejected" time="0.843" /><testcase classname="core.test_customer_registration_approval.AdminReviewTests" name="test_approval_records_the_reviewer_and_opens_sign_in" time="1.230" /><testcase classname="core.test_customer_registration_approval.AdminReviewTests" name="test_invalid_decisions_are_rejected" time="0.609" /><testcase classname="core.test_customer_registration_approval.AdminReviewTests" name="test_only_administrators_can_review" time="0.596" /><testcase classname="core.test_customer_registration_approval.AdminReviewTests" name="test_put_is_accepted_like_patch" time="0.591" /><testcase classname="core.test_customer_registration_approval.AdminReviewTests" name="test_rejection_requires_a_reason" time="0.707" /><testcase classname="core.test_customer_registration_approval.AdminReviewTests" name="test_rejection_stores_and_sends_the_reason" time="0.697" /><testcase classname="core.test_customer_registration_approval.AdminReviewTests" name="test_repeating_a_decision_is_a_no_op" time="0.616" /><testcase classname="core.test_customer_registration_approval.AdminReviewTests" name="test_unknown_customer_is_not_found" time="0.582" /><testcase classname="core.test_customer_registration_approval.PendingFilterTests" name="test_filter_returns_only_pending_registrations" time="2.461" /><testcase classname="core.test_customer_registration_approval.PendingFilterTests" name="test_unfiltered_list_exposes_the_review_fields" time="2.449" /><testcase classname="core.test_customer_registration_approval.PendingFilterTests" name="test_unknown_filter_value_is_rejected" time="2.302" /><testcase classname="core.test_customer_registration_approval.DecisionEmailTests" name="test_approval_email_renders" time="0.576" /><testcase classname="core.test_customer_registration_approval.DecisionEmailTests" name="test_rejection_email_carries_the_reason" time="0.591" /><testcase classname="core.test_driver_api.DriverLocationAccuracyContractTests" name="test_degraded_but_usable_gps_sample_updates_the_driver_location" time="0.013" /><testcase classname="core.test_driver_api.DriverLocationAccuracyContractTests" name="test_delayed_upload_cannot_replace_a_newer_fix" time="0.018" /><testcase classname="core.test_driver_api.DriverLocationAccuracyContractTests" name="test_each_driver_account_keeps_its_own_latest_location" time="0.021" /><testcase classname="core.test_driver_api.DriverLocationAccuracyContractTests" name="test_inaccurate_sample_cannot_overwrite_reliable_driver_location" time="0.014" /><testcase classname="core.test_driver_api.DriverLocationAccuracyContractTests" name="test_offline_fix_keeps_capture_time_and_future_fix_is_rejected" time="0.015" /><testcase classname="core.test_driver_api.DriverVehicleActiveTripValidationTests" name="test_driver_status_update_persists_and_is_returned" time="0.021" /><testcase classname="core.test_driver_api.DriverVehicleActiveTripValidationTests" name="test_driver_update_allows_unassignment_after_trip_is_closed" time="0.014" /><testcase classname="core.test_driver_api.DriverVehicleActiveTripValidationTests" name="test_vehicle_update_rejects_unassignment_during_active_trip" time="0.010" /><testcase classname="core.test_driver_api.DriverTripsApiContractTests" name="test_driver_trip_never_falls_back_to_another_driver_location" time="0.020" /><testcase classname="core.test_driver_api.DriverTripsApiContractTests" name="test_driver_trip_stats_are_empty_without_trips" time="0.014" /><testcase classname="core.test_driver_api.DriverTripsApiContractTests" name="test_driver_trip_stats_cover_every_trip_of_only_the_authenticated_driver" time="0.151" /><testcase classname="core.test_driver_api.DriverTripsApiContractTests" name="test_driver_trip_stats_pick_the_latest_started_of_legacy_parallel_trips" time="0.042" /><testcase classname="core.test_driver_api.DriverTripsApiContractTests" name="test_driver_trip_sums_cash_from_successfully_delivered_orders" time="0.077" /><testcase classname="core.test_driver_api.DriverTripsApiContractTests" name="test_driver_trip_uses_latest_unlinked_driver_log_as_gps_fallback" time="0.019" /><testcase classname="core.test_driver_api.DriverTripsApiContractTests" name="test_driver_trips_flag_overdue_planned_trips_by_scheduled_date" time="0.059" /><testcase classname="core.test_driver_api.DriverTripsApiContractTests" name="test_driver_trips_forbidden_for_non_driver_staff" time="0.009" /><testcase classname="core.test_driver_api.DriverTripsApiContractTests" name="test_driver_trips_returns_only_authenticated_driver_trips_with_latest_location" time="0.022" /><testcase classname="core.test_driver_api.DriverProfileApiContractTests" name="test_driver_profile_forbidden_for_non_driver_staff" time="0.008" /><testcase classname="core.test_driver_api.DriverProfileApiContractTests" name="test_driver_profile_get_returns_driver_and_user_shape" time="0.010" /><testcase classname="core.test_driver_api.DriverProfileApiContractTests" name="test_driver_profile_put_updates_avatar" time="0.012" /><testcase classname="core.test_driver_api.DriverProfileApiContractTests" name="test_driver_profile_put_updates_driver_and_user_fields" time="0.013" /><testcase classname="core.test_driver_api.DriverProfileApiContractTests" name="test_driver_profile_put_updates_gmail_and_refreshes_token" time="0.013" /><testcase classname="core.test_driver_api.DriverProfileApiContractTests" name="test_driver_profile_rejects_invalid_phone_and_past_license_expiry" time="0.014" /><testcase classname="core.test_driver_api.NativeUploaderRequestOriginTests" name="test_browser_request_with_bearer_and_cookie_from_untrusted_origin_is_still_rejected" time="0.006" /><testcase classname="core.test_driver_api.NativeUploaderRequestOriginTests" name="test_cookie_only_request_without_origin_is_still_treated_as_untrusted" time="0.005" /><testcase classname="core.test_driver_api.NativeUploaderRequestOriginTests" name="test_native_service_sending_cookie_and_bearer_without_origin_is_accepted" time="0.012" /><testcase classname="core.test_driver_delivery_count.DriverDeliveryCountTests" name="test_a_driver_with_no_trips_reports_zero" time="0.008" /><testcase classname="core.test_driver_delivery_count.DriverDeliveryCountTests" name="test_another_drivers_deliveries_are_not_counted" time="0.009" /><testcase classname="core.test_driver_delivery_count.DriverDeliveryCountTests" name="test_deliveries_accumulate_across_trips" time="0.009" /><testcase classname="core.test_driver_delivery_count.DriverDeliveryCountTests" name="test_only_completed_delivery_drop_points_are_counted" time="0.012" /><testcase classname="core.test_driver_delivery_count.DriverDeliveryCountTests" name="test_the_derived_figure_uses_completed_drop_points" time="0.009" /><testcase classname="core.test_driver_delivery_count.DriverDeliveryCountTests" name="test_the_nested_user_payload_carries_the_same_figure" time="0.008" /><testcase classname="core.test_driver_license_qualification.DriverLicenseRuleTests" name="test_a_truck_code_also_covers_the_lighter_tricycle" time="0.002" /><testcase classname="core.test_driver_license_qualification.DriverLicenseRuleTests" name="test_a_truck_needs_code_c_and_a_tricycle_needs_code_a1" time="0.002" /><testcase classname="core.test_driver_license_qualification.DriverLicenseRuleTests" name="test_blank_or_unruled_vehicle_type_is_left_to_other_checks" time="0.003" /><testcase classname="core.test_driver_license_qualification.DriverLicenseRuleTests" name="test_code_a_cannot_drive_tricycle_or_truck" time="0.002" /><testcase classname="core.test_driver_license_qualification.DriverLicenseRuleTests" name="test_codes_that_qualify_for_neither_vehicle_are_rejected_for_a_tricycle" time="0.002" /><testcase classname="core.test_driver_license_qualification.DriverLicenseRuleTests" name="test_other_non_c_codes_are_also_rejected_for_trucks" time="0.002" /><testcase classname="core.test_driver_license_qualification.DriverLicenseRuleTests" name="test_trailer_code_covers_the_heavy_vehicle_it_tows" time="0.002" /><testcase classname="core.test_driver_license_qualification.DriverVehicleAssignmentApiTests" name="test_assigning_code_a_driver_to_tricycle_is_rejected" time="0.007" /><testcase classname="core.test_driver_license_qualification.DriverVehicleAssignmentApiTests" name="test_assigning_code_a_driver_to_truck_is_rejected" time="0.006" /><testcase classname="core.test_driver_license_qualification.DriverVehicleAssignmentApiTests" name="test_assigning_code_c_driver_to_truck_succeeds" time="0.009" /><testcase classname="core.test_driver_license_qualification.DriverVehicleAssignmentApiTests" name="test_assigning_vehicle_from_the_driver_side_is_rejected_too" time="0.006" /><testcase classname="core.test_driver_license_qualification.DriverVehicleAssignmentApiTests" name="test_downgrading_the_code_of_an_assigned_driver_is_rejected" time="0.024" /><testcase classname="core.test_driver_license_qualification.DriverVehicleAssignmentApiTests" name="test_helper_matches_driver_against_vehicle_row" time="0.003" /><testcase classname="core.test_driver_service_areas.DriverServiceAreaTests" name="test_admin_assignment_is_normalized_audited_and_checks_every_city" time="0.010" /><testcase classname="core.test_driver_service_areas.DriverServiceAreaTests" name="test_admin_cannot_edit_trip_operations" time="0.004" /><testcase classname="core.test_driver_service_areas.DriverServiceAreaTests" name="test_retained_city_keeps_audit_details_and_assignment_can_be_cleared" time="0.013" /><testcase classname="core.test_driver_service_areas.DriverServiceAreaTests" name="test_trip_endpoint_rejects_unassigned_destination_without_creating_trip" time="0.020" /><testcase classname="core.test_driver_service_areas.DriverServiceAreaTests" name="test_unassigned_and_on_leave_drivers_are_ineligible" time="0.006" /><testcase classname="core.test_driver_service_areas.DriverServiceAreaTests" name="test_warehouse_cannot_grant_itself_areas" time="0.006" /><testcase classname="core.test_driver_service_areas.NewCustomerAccessTests" name="test_approved_registration_restores_customer_and_available_products" time="0.736" /><testcase classname="core.test_empty_case_inventory.EmptyCaseInventoryTests" name="test_balance_uses_only_delivered_returns_for_exact_product_and_warehouse" time="0.030" /><testcase classname="core.test_empty_case_inventory.EmptyCaseInventoryTests" name="test_manual_return_deducts_only_warehouse_empties" time="0.036" /><testcase classname="core.test_empty_case_inventory.EmptyCaseInventoryTests" name="test_return_history_filters_before_pagination_and_keeps_empty_balances" time="0.016" /><testcase classname="core.test_empty_case_inventory.EmptyCaseInventoryTests" name="test_return_history_respects_warehouse_scope" time="0.021" /><testcase classname="core.test_empty_case_inventory.EmptyCaseInventoryTests" name="test_stock_in_leaves_customer_returns_available" time="0.019" /><testcase classname="core.test_expired_stock.ExpiredStockTests" name="test_catalog_availability_excludes_expired_stock" time="0.015" /><testcase classname="core.test_expired_stock.ExpiredStockTests" name="test_disposed_history_retains_batch_expiry_and_loss_snapshot" time="0.024" /><testcase classname="core.test_expired_stock.ExpiredStockTests" name="test_invalid_and_nonexpired_removals_leave_stock_unchanged" time="0.020" /><testcase classname="core.test_expired_stock.ExpiredStockTests" name="test_inventory_exposes_sellable_separately_from_physical" time="0.015" /><testcase classname="core.test_expired_stock.ExpiredStockTests" name="test_legacy_delivery_insufficient_fresh_stock_rolls_back" time="0.017" /><testcase classname="core.test_expired_stock.ExpiredStockTests" name="test_legacy_delivery_uses_only_fresh_stock" time="0.015" /><testcase classname="core.test_expired_stock.ExpiredStockTests" name="test_legacy_reservation_cannot_use_expired_cases" time="0.014" /><testcase classname="core.test_expired_stock.ExpiredStockTests" name="test_partial_disposal_is_idempotent_and_audited" time="0.025" /><testcase classname="core.test_expired_stock.ExpiredStockTests" name="test_quantity_above_batch_remaining_returns_a_specific_validation_error" time="0.013" /><testcase classname="core.test_expired_stock.ExpiredStockTests" name="test_reserved_expired_stock_cannot_be_removed" time="0.014" /><testcase classname="core.test_expired_stock.ExpiredStockTests" name="test_supplier_return_and_loose_disposal_preserve_batch" time="0.026" /><testcase classname="core.test_expired_stock.ExpiredStockTests" name="test_unassigned_warehouse_cannot_remove_stock" time="0.012" /><testcase classname="core.test_glass_deposits.GlassDepositCalculationTests" name="test_full_container_purchase_uses_registered_unit_deposit" time="0.009" /><testcase classname="core.test_glass_deposits.GlassDepositCalculationTests" name="test_individual_bottles_use_per_bottle_deposit" time="0.007" /><testcase classname="core.test_glass_deposits.GlassDepositCalculationTests" name="test_non_glass_product_has_no_returnable_deposit" time="0.006" /><testcase classname="core.test_glass_deposits.GlassDepositCalculationTests" name="test_pet_product_stays_ineligible_with_stale_returnable_packaging" time="0.007" /><testcase classname="core.test_glass_deposits.GlassDepositCalculationTests" name="test_returned_containers_credit_the_registered_unit_deposit" time="0.009" /><testcase classname="core.test_glass_deposits.GlassProductRegistrationTests" name="test_non_glass_product_does_not_create_returnable_packaging" time="0.004" /><testcase classname="core.test_glass_deposits.GlassProductRegistrationTests" name="test_one_liter_product_persists_its_distinct_deposits" time="0.006" /><testcase classname="core.test_glass_deposits.GlassProductRegistrationTests" name="test_supported_sizes_persist_bottle_and_case_deposits" time="0.007" /><testcase classname="core.test_glass_deposits.CustomerGlassDepositBalanceTests" name="test_delivery_adds_new_case_deposit_to_the_matching_bottle_type" time="0.019" /><testcase classname="core.test_glass_deposits.CustomerGlassDepositBalanceTests" name="test_fully_covered_exchange_records_matching_charge_and_refund" time="0.019" /><testcase classname="core.test_google_oauth_audiences.CustomerGoogleSessionTests" name="test_deactivated_customer_cannot_sign_in" time="0.007" /><testcase classname="core.test_google_oauth_audiences.CustomerGoogleSessionTests" name="test_google_primary_factor_requires_customer_two_factor_code" time="0.591" /><testcase classname="core.test_google_oauth_audiences.CustomerGoogleSessionTests" name="test_new_customer_receives_working_cookie_and_bearer_sessions" time="0.608" /><testcase classname="core.test_google_oauth_audiences.CustomerGoogleSessionTests" name="test_repeat_sign_in_reuses_customer" time="0.584" /><testcase classname="core.test_google_oauth_audiences.UnifiedLoginTests" name="test_cross_table_duplicate_email_fails_closed_for_every_unified_factor" time="1.156" /><testcase classname="core.test_google_oauth_audiences.UnifiedLoginTests" name="test_each_account_table_rejects_case_and_whitespace_email_duplicates" time="2.308" /><testcase classname="core.test_google_oauth_audiences.UnifiedLoginTests" name="test_google_sign_in_never_provisions_an_unknown_account" time="0.007" /><testcase classname="core.test_google_oauth_audiences.UnifiedLoginTests" name="test_google_sign_in_routes_an_existing_customer_without_provisioning" time="0.586" /><testcase classname="core.test_google_oauth_audiences.UnifiedLoginTests" name="test_google_sign_in_routes_an_existing_staff_member" time="0.575" /><testcase classname="core.test_google_oauth_audiences.UnifiedLoginTests" name="test_password_sign_in_routes_an_existing_customer" time="1.163" /><testcase classname="core.test_google_oauth_audiences.UnifiedLoginTests" name="test_password_sign_in_routes_an_existing_staff_member" time="1.151" /><testcase classname="core.test_google_oauth_audiences.StaffGoogleSessionTests" name="test_deactivated_staff_cannot_sign_in_with_google" time="0.570" /><testcase classname="core.test_google_oauth_audiences.StaffGoogleSessionTests" name="test_existing_active_staff_receives_a_role_scoped_session" time="0.583" /><testcase classname="core.test_google_oauth_audiences.StaffGoogleSessionTests" name="test_generic_password_scope_returns_the_existing_staff_role" time="1.151" /><testcase classname="core.test_google_oauth_audiences.StaffGoogleSessionTests" name="test_google_primary_factor_still_requires_staff_two_factor_code" time="0.594" /><testcase classname="core.test_google_oauth_audiences.StaffGoogleSessionTests" name="test_google_sign_in_never_creates_an_unknown_staff_account" time="0.005" /><testcase classname="core.test_inventory_alerts.InventoryStockAlertTests" name="test_reorder_and_out_of_stock_transitions_notify_admin_and_warehouse_staff" time="0.020" /><testcase classname="core.test_inventory_alerts.InventoryStockAlertTests" name="test_saves_within_the_same_stock_stage_do_not_repeat_alerts" time="0.017" /><testcase classname="core.test_inventory_transaction_stock_changes.InventoryTransactionStockChangeTests" name="test_customer_po_cancellation_releases_stock_once_and_keeps_identity" time="0.077" /><testcase classname="core.test_inventory_transaction_stock_changes.InventoryTransactionStockChangeTests" name="test_delivery_preserves_depleted_batch_with_reservation_history" time="0.035" /><testcase classname="core.test_inventory_transaction_stock_changes.InventoryTransactionStockChangeTests" name="test_direction_filter_matches_every_type_shown_under_that_heading" time="0.019" /><testcase classname="core.test_inventory_transaction_stock_changes.InventoryTransactionStockChangeTests" name="test_existing_loose_batch_can_be_sold_as_a_case" time="0.053" /><testcase classname="core.test_inventory_transaction_stock_changes.InventoryTransactionStockChangeTests" name="test_failed_delivery_rolls_back_before_retry" time="0.044" /><testcase classname="core.test_inventory_transaction_stock_changes.InventoryTransactionStockChangeTests" name="test_fefo_stock_out_records_before_and_after_stock" time="0.017" /><testcase classname="core.test_inventory_transaction_stock_changes.InventoryTransactionStockChangeTests" name="test_legacy_transactions_receive_reconstructed_stock_changes" time="0.007" /><testcase classname="core.test_inventory_transaction_stock_changes.InventoryTransactionStockChangeTests" name="test_loose_conversion_uses_product_capacity_and_preserves_remainder" time="0.010" /><testcase classname="core.test_inventory_transaction_stock_changes.InventoryTransactionStockChangeTests" name="test_multiple_batches_create_one_item_stock_out" time="0.034" /><testcase classname="core.test_inventory_transaction_stock_changes.InventoryTransactionStockChangeTests" name="test_other_callers_still_see_every_transaction_type" time="0.012" /><testcase classname="core.test_inventory_transaction_stock_changes.InventoryTransactionStockChangeTests" name="test_released_reservation_does_not_release_other_orders_stock" time="0.036" /><testcase classname="core.test_inventory_transaction_stock_changes.InventoryTransactionStockChangeTests" name="test_reservation_consumption_is_not_a_second_stock_out" time="0.010" /><testcase classname="core.test_inventory_transaction_stock_changes.InventoryTransactionStockChangeTests" name="test_reserved_batches_create_one_item_movement_and_retry_is_safe" time="0.056" /><testcase classname="core.test_inventory_transaction_stock_changes.InventoryTransactionStockChangeTests" name="test_stale_delivery_retry_deducts_stock_once" time="0.035" /><testcase classname="core.test_inventory_transaction_stock_changes.InventoryTransactionStockChangeTests" name="test_stock_movement_paging_counts_only_the_rows_the_screen_lists" time="0.020" /><testcase classname="core.test_inventory_transaction_stock_changes.InventoryTransactionStockChangeTests" name="test_zero_case_batch_keeps_remaining_loose_stock" time="0.011" /><testcase classname="core.test_mixed_case.MixedCaseValidationTests" name="test_fractional_or_malformed_quantities_are_rejected" time="0.010" /><testcase classname="core.test_mixed_case.MixedCaseValidationTests" name="test_half_and_half_quote_uses_component_units_not_two_case_prices" time="0.007" /><testcase classname="core.test_mixed_case.MixedCaseValidationTests" name="test_incomplete_duplicate_and_incompatible_mixes_are_rejected" time="0.008" /><testcase classname="core.test_mixed_case.MixedCaseValidationTests" name="test_no_product_may_exceed_half_the_case" time="0.010" /><testcase classname="core.test_mixed_case.MixedCaseValidationTests" name="test_per_product_ceiling_follows_the_case_capacity" time="0.008" /><testcase classname="core.test_mixed_case.MixedCaseValidationTests" name="test_three_product_mix_is_rejected" time="0.007" /><testcase classname="core.test_mixed_case.MixedCaseInventoryTests" name="test_cancellation_releases_without_deducting" time="0.049" /><testcase classname="core.test_mixed_case.MixedCaseInventoryTests" name="test_delivery_deducts_exact_component_units_and_keeps_batch_remainders" time="0.052" /><testcase classname="core.test_mixed_case.MixedCaseInventoryTests" name="test_delivery_rejects_a_batch_that_expired_after_reservation" time="0.038" /><testcase classname="core.test_mixed_case.MixedCaseInventoryTests" name="test_expired_and_inactive_batches_are_never_reserved" time="0.084" /><testcase classname="core.test_mixed_case.MixedCaseInventoryTests" name="test_fefo_and_fifo_choose_the_expected_source_batch" time="0.070" /><testcase classname="core.test_mixed_case.MixedCaseInventoryTests" name="test_ineligible_batch_loose_units_are_not_treated_as_unbatched_stock" time="0.030" /><testcase classname="core.test_mixed_case.MixedCaseInventoryTests" name="test_insufficient_component_stock_rolls_back_the_entire_reservation" time="0.031" /><testcase classname="core.test_mixed_case.MixedCaseInventoryTests" name="test_multiple_mixed_cases_multiply_component_quantities" time="0.048" /><testcase classname="core.test_mixed_case.MixedCaseInventoryTests" name="test_reserving_the_same_order_item_twice_is_rejected" time="0.032" /><testcase classname="core.test_mixed_case.MixedCaseInventoryTests" name="test_stale_batch_loose_units_cannot_exceed_physical_stock" time="0.026" /><testcase classname="core.test_mixed_case.MixedCaseApiTests" name="test_checkout_is_server_priced_and_idempotent" time="0.111" /><testcase classname="core.test_mixed_case.MixedCaseApiTests" name="test_customer_catalog_excludes_stale_batch_stock_but_keeps_real_loose_stock" time="0.041" /><testcase classname="core.test_mixed_case_backend_guards.MixedCaseBackendGuardTests" name="test_batch_adjustment_rejects_active_reservation_and_lists_loose_only_batch" time="0.044" /><testcase classname="core.test_mixed_case_backend_guards.MixedCaseBackendGuardTests" name="test_checkout_rejects_a_mixed_case_that_favours_one_product" time="0.013" /><testcase classname="core.test_mixed_case_backend_guards.MixedCaseBackendGuardTests" name="test_checkout_rejects_past_delivery_date" time="0.010" /><testcase classname="core.test_mixed_case_backend_guards.MixedCaseBackendGuardTests" name="test_checkout_retry_expires_an_existing_past_due_request" time="0.134" /><testcase classname="core.test_mixed_case_backend_guards.MixedCaseBackendGuardTests" name="test_customer_checkout_allows_legacy_missing_request_id_and_bounds_supplied_ids" time="0.081" /><testcase classname="core.test_mixed_case_backend_guards.MixedCaseBackendGuardTests" name="test_customer_checkout_owns_order_and_ignores_lifecycle_and_charge_tampering" time="0.085" /><testcase classname="core.test_mixed_case_backend_guards.MixedCaseBackendGuardTests" name="test_duplicate_replacement_lines_are_capped_after_merge" time="0.031" /><testcase classname="core.test_mixed_case_backend_guards.MixedCaseBackendGuardTests" name="test_inventory_adjustments_are_ledgered_and_keep_reserved_counters_nonnegative" time="0.016" /><testcase classname="core.test_mixed_case_backend_guards.MixedCaseBackendGuardTests" name="test_inventory_transaction_mixed_case_payload_includes_all_sibling_components" time="0.059" /><testcase classname="core.test_mixed_case_backend_guards.MixedCaseBackendGuardTests" name="test_manual_depletion_preserves_a_batch_referenced_by_reservation_history" time="0.027" /><testcase classname="core.test_mixed_case_backend_guards.MixedCaseBackendGuardTests" name="test_product_edits_require_a_warehouse_operator" time="0.009" /><testcase classname="core.test_mixed_case_backend_guards.MixedCaseBackendGuardTests" name="test_product_opening_stock_is_batch_backed_and_fractional_stock_is_rejected" time="0.019" /><testcase classname="core.test_mixed_case_backend_guards.MixedCaseBackendGuardTests" name="test_quote_and_product_availability_exclude_expired_and_held_batches" time="0.030" /><testcase classname="core.test_mixed_case_backend_guards.MixedCaseBackendGuardTests" name="test_replacement_claims_are_capped_across_active_requests" time="0.049" /><testcase classname="core.test_mixed_case_backend_guards.MixedCaseBackendGuardTests" name="test_standard_replacement_cap_uses_server_capacity_and_rejects_fractional_quantity" time="0.030" /><testcase classname="core.test_mixed_case_logistics.MixedCaseLogisticsTests" name="test_failed_delivery_rolls_back_drop_point_and_partial_consumption" time="0.070" /><testcase classname="core.test_mixed_case_logistics.MixedCaseLogisticsTests" name="test_reschedule_keeps_reservations_and_terminal_failure_always_releases" time="0.129" /><testcase classname="core.test_mixed_case_logistics.MixedCaseLogisticsTests" name="test_route_plan_serializes_mixed_case_and_weight_uses_components" time="0.054" /><testcase classname="core.test_mixed_case_logistics.MixedCaseLogisticsTests" name="test_trip_assignment_uses_component_rows_and_item_case_counts" time="0.061" /><testcase classname="core.test_notifications_feedback.NotificationsApiContractTests" name="test_all_panels_keep_unread_status_until_explicit_read" time="0.095" /><testcase classname="core.test_notifications_feedback.NotificationsApiContractTests" name="test_get_notifications_includes_unread_count_and_scopes_to_authenticated_user" time="0.009" /><testcase classname="core.test_notifications_feedback.NotificationsApiContractTests" name="test_notifications_requires_authentication" time="0.005" /><testcase classname="core.test_notifications_feedback.NotificationsApiContractTests" name="test_patch_notifications_by_ids_marks_selected_owned_records_only" time="0.013" /><testcase classname="core.test_notifications_feedback.NotificationsApiContractTests" name="test_patch_notifications_mark_all_marks_only_current_user_and_returns_unread_count" time="0.011" /><testcase classname="core.test_notifications_feedback.NotificationsApiContractTests" name="test_patch_notifications_mark_all_takes_precedence_over_ids" time="0.011" /><testcase classname="core.test_notifications_feedback.NotificationsApiContractTests" name="test_patch_notifications_requires_ids_when_mark_all_is_not_used" time="0.006" /><testcase classname="core.test_notifications_feedback.FeedbackRatingContractTests" name="test_rating_requires_non_empty_feedback_message" time="0.014" /><testcase classname="core.test_notifications_feedback.FeedbackDescribedReasonTests" name="test_other_reason_is_stored_verbatim" time="0.016" /><testcase classname="core.test_notifications_feedback.FeedbackDescribedReasonTests" name="test_other_with_nothing_typed_is_rejected" time="0.013" /><testcase classname="core.test_order_deposit_refund.CustomerOrderDepositRefundTests" name="test_bottle_product_balance_keeps_per_bottle_quantity_and_value" time="0.015" /><testcase classname="core.test_order_deposit_refund.CustomerOrderDepositRefundTests" name="test_customer_can_apply_empty_refund_to_an_existing_paid_but_undelivered_po" time="0.108" /><testcase classname="core.test_order_deposit_refund.CustomerOrderDepositRefundTests" name="test_customer_records_cases_and_loose_bottles_from_purchase_history" time="0.035" /><testcase classname="core.test_order_deposit_refund.CustomerOrderDepositRefundTests" name="test_mixed_case_checkout_adds_one_physical_case_deposit" time="0.029" /><testcase classname="core.test_order_deposit_refund.CustomerOrderDepositRefundTests" name="test_mixed_case_components_are_eligible_as_loose_bottles" time="0.021" /><testcase classname="core.test_order_deposit_refund.CustomerOrderDepositRefundTests" name="test_refund_reduces_the_selected_order_and_available_credit_once" time="0.070" /><testcase classname="core.test_order_deposit_refund.CustomerOrderDepositRefundTests" name="test_same_container_product_cannot_use_another_products_empties" time="0.023" /><testcase classname="core.test_order_deposit_refund.CustomerOrderDepositRefundTests" name="test_shared_container_balance_keeps_products_separate" time="0.064" /><testcase classname="core.test_order_workflow.PurchaseRequestWorkflowTests" name="test_approved_request_is_a_locked_document_linked_to_one_po" time="0.055" /><testcase classname="core.test_order_workflow.PurchaseRequestWorkflowTests" name="test_cancel_pending_request_requires_and_saves_reason" time="0.045" /><testcase classname="core.test_order_workflow.PurchaseRequestWorkflowTests" name="test_orders_list_expires_pending_request_with_past_delivery_date" time="0.022" /><testcase classname="core.test_order_workflow.PurchaseRequestWorkflowTests" name="test_pending_request_cannot_skip_approval_and_start_processing" time="0.013" /><testcase classname="core.test_order_workflow.PurchaseRequestWorkflowTests" name="test_reject_pending_request_requires_reason_and_does_not_create_purchase_order" time="0.044" /><testcase classname="core.test_order_workflow.PurchaseRequestWorkflowTests" name="test_warehouse_approval_creates_purchase_order_metadata" time="0.044" /><testcase classname="core.test_order_workflow.PurchaseRequestWorkflowTests" name="test_warehouse_approval_expires_request_with_past_delivery_date" time="0.022" /><testcase classname="core.test_order_workflow.OrderStatusTransitionApiContractTests" name="test_dispatched_status_is_automatic_when_trip_starts" time="0.014" /><testcase classname="core.test_order_workflow.OrderStatusTransitionApiContractTests" name="test_order_status_update_requires_status" time="0.011" /><testcase classname="core.test_order_workflow.OrderStatusTransitionApiContractTests" name="test_out_for_delivery_status_is_automatic_when_trip_starts" time="0.014" /><testcase classname="core.test_order_workflow.OrderStatusTransitionApiContractTests" name="test_overdue_approved_order_can_be_rescheduled_to_valid_date" time="0.039" /><testcase classname="core.test_order_workflow.OrderStatusTransitionApiContractTests" name="test_overdue_approved_order_requires_reschedule_before_processing" time="0.015" /><testcase classname="core.test_order_workflow.OrderStatusTransitionApiContractTests" name="test_preparing_status_updates_order_and_timeline" time="0.039" /><testcase classname="core.test_order_workflow.OrderStatusTransitionApiContractTests" name="test_staff_can_cancel_rescheduled_order" time="0.040" /><testcase classname="core.test_order_workflow.OrderStatusTransitionApiContractTests" name="test_staff_cancellation_requires_and_saves_reason" time="0.044" /><testcase classname="core.test_order_workflow.OrderStatusTransitionApiContractTests" name="test_staff_rejection_requires_and_saves_selected_reason" time="0.045" /><testcase classname="core.test_order_workflow.DeliveryLifecycleFlowContractTests" name="test_delivery_lifecycle_end_to_end" time="0.132" /><testcase classname="core.test_order_workflow.PaginationGuardsContractTests" name="test_orders_endpoint_clamps_invalid_and_extreme_pagination_values" time="0.070" /><testcase classname="core.test_order_workflow.PaginationGuardsContractTests" name="test_orders_endpoint_uses_expected_default_pagination" time="0.044" /><testcase classname="core.test_order_workflow.PaginationGuardsContractTests" name="test_orders_include_returns_always_exposes_customer_display_name" time="0.043" /><testcase classname="core.test_order_workflow.PaginationGuardsContractTests" name="test_orders_include_returns_exposes_replacement_item_quantities" time="0.039" /><testcase classname="core.test_order_workflow.PaginationGuardsContractTests" name="test_trips_endpoint_uses_expected_pagination_defaults_and_bounds" time="0.037" /><testcase classname="core.test_password_reset_portals.PasswordResetPortalValidationTests" name="test_customer_reset_still_uses_the_customer_account_table" time="0.012" /><testcase classname="core.test_password_reset_portals.PasswordResetPortalValidationTests" name="test_each_portal_accepts_only_its_registered_account" time="0.032" /><testcase classname="core.test_password_reset_portals.PasswordResetPortalValidationTests" name="test_neutral_reset_otp_is_not_valid_for_a_scoped_portal_reset" time="1.179" /><testcase classname="core.test_password_reset_portals.PasswordResetPortalValidationTests" name="test_neutral_reset_rejects_cross_table_email_collisions" time="0.010" /><testcase classname="core.test_password_reset_portals.PasswordResetPortalValidationTests" name="test_neutral_reset_resolves_existing_customer_and_staff_accounts" time="0.020" /><testcase classname="core.test_password_reset_portals.PasswordResetPortalValidationTests" name="test_staff_otp_cannot_be_reused_across_portals" time="0.013" /><testcase classname="core.test_password_reset_portals.PasswordResetPortalValidationTests" name="test_staff_reset_requires_a_portal" time="0.005" /><testcase classname="core.test_prelaunch_access_guards.PrelaunchAccessGuardTests" name="test_customer_directory_is_scoped_to_self" time="0.010" /><testcase classname="core.test_prelaunch_access_guards.PrelaunchAccessGuardTests" name="test_email_proof_still_validates_for_its_original_purpose" time="0.004" /><testcase classname="core.test_prelaunch_access_guards.PrelaunchAccessGuardTests" name="test_non_session_tokens_cannot_read_shared_data" time="0.013" /><testcase classname="core.test_prelaunch_access_guards.PrelaunchAccessGuardTests" name="test_order_totals_ignore_removed_fee_fields" time="0.006" /><testcase classname="core.test_prelaunch_access_guards.PrelaunchAccessGuardTests" name="test_own_checkout_starts_pending_even_when_delivered_is_requested" time="0.091" /><testcase classname="core.test_prelaunch_access_guards.PrelaunchAccessGuardTests" name="test_shared_checkout_rejects_other_customer_without_creating_order" time="0.008" /><testcase classname="core.test_prelaunch_access_guards.PrelaunchRemainingSecurityTests" name="test_admin_cannot_modify_owner_but_can_edit_own_profile" time="0.016" /><testcase classname="core.test_prelaunch_access_guards.PrelaunchRemainingSecurityTests" name="test_cookie_write_requires_trusted_origin" time="0.010" /><testcase classname="core.test_prelaunch_access_guards.PrelaunchRemainingSecurityTests" name="test_database_rejects_case_insensitive_staff_duplicate" time="0.005" /><testcase classname="core.test_prelaunch_access_guards.PrelaunchRemainingSecurityTests" name="test_driver_cannot_change_customer_password" time="0.008" /><testcase classname="core.test_prelaunch_access_guards.PrelaunchRemainingSecurityTests" name="test_driver_cannot_promote_disable_create_or_delete_accounts" time="0.016" /><testcase classname="core.test_prelaunch_access_guards.PrelaunchRemainingSecurityTests" name="test_inactive_demoted_and_password_changed_sessions_fail" time="0.015" /><testcase classname="core.test_prelaunch_access_guards.PrelaunchRemainingSecurityTests" name="test_invalid_images_rejected_and_upload_names_do_not_collide" time="0.245" /><testcase classname="core.test_prelaunch_access_guards.PrelaunchRemainingSecurityTests" name="test_json_shapes_and_feedback_ranges_are_rejected" time="0.025" /><testcase classname="core.test_prelaunch_access_guards.PrelaunchRemainingSecurityTests" name="test_logout_revokes_only_the_selected_session" time="0.013" /><testcase classname="core.test_prelaunch_access_guards.PrelaunchRemainingSecurityTests" name="test_reset_consumes_otp_and_revokes_old_session" time="0.586" /><testcase classname="core.test_private_media.PrivateMediaAccessTests" name="test_catalog_images_remain_public_and_cacheable" time="1.249" /><testcase classname="core.test_private_media.PrivateMediaAccessTests" name="test_new_non_catalog_uploads_return_api_only_urls" time="1.186" /><testcase classname="core.test_private_media.PrivateMediaAccessTests" name="test_order_pod_requires_its_customer_and_legacy_upload_path_is_protected" time="1.176" /><testcase classname="core.test_product_weights.ProductWeightCalculationTests" name="test_calculates_non_returnable_case_from_container_size" time="0.002" /><testcase classname="core.test_product_weights.ProductWeightCalculationTests" name="test_calculates_returnable_glass_case_weight" time="0.003" /><testcase classname="core.test_product_weights.ProductWeightCalculationTests" name="test_normalizes_legacy_size_labels" time="0.002" /><testcase classname="core.test_product_weights.ProductWeightApiContractTests" name="test_admin_cannot_restore_archived_product" time="0.011" /><testcase classname="core.test_product_weights.ProductWeightApiContractTests" name="test_product_archive_is_blocked_by_an_active_order_reservation" time="0.016" /><testcase classname="core.test_product_weights.ProductWeightApiContractTests" name="test_product_archive_requires_zero_available_loose_and_reserved_stock" time="0.022" /><testcase classname="core.test_product_weights.ProductWeightApiContractTests" name="test_product_edit_cannot_duplicate_another_product_variant" time="0.010" /><testcase classname="core.test_product_weights.ProductWeightApiContractTests" name="test_product_edit_recalculates_weight" time="0.014" /><testcase classname="core.test_product_weights.ProductWeightApiContractTests" name="test_registration_calculates_weight_without_client_value" time="0.015" /><testcase classname="core.test_product_weights.ProductWeightApiContractTests" name="test_registration_rejects_duplicate_name_size_and_category" time="0.009" /><testcase classname="core.test_product_weights.ProductWeightApiContractTests" name="test_registration_rejects_duplicate_of_archived_product" time="0.009" /><testcase classname="core.test_product_weights.ProductWeightApiContractTests" name="test_registration_rejects_product_when_weight_cannot_be_calculated" time="0.009" /><testcase classname="core.test_product_weights.ProductWeightApiContractTests" name="test_zero_stock_product_archive_can_be_listed_and_restored" time="0.039" /><testcase classname="core.test_push_notifications.PushNotificationTests" name="test_browser_endpoint_moves_to_the_latest_authenticated_account" time="0.027" /><testcase classname="core.test_push_notifications.PushNotificationTests" name="test_expired_endpoint_is_removed" time="0.006" /><testcase classname="core.test_push_notifications.PushNotificationTests" name="test_native_endpoint_moves_to_the_latest_authenticated_account" time="0.009" /><testcase classname="core.test_push_notifications.PushNotificationTests" name="test_native_registration_fails_when_fcm_is_not_configured" time="0.004" /><testcase classname="core.test_push_notifications.PushNotificationTests" name="test_push_is_sent_after_commit_to_the_target_account" time="0.006" /><testcase classname="core.test_replacements.WarehouseReplacementProcessingContractTests" name="test_warehouse_cannot_schedule_replacement_before_starting_processing" time="0.016" /><testcase classname="core.test_replacements.WarehouseReplacementProcessingContractTests" name="test_warehouse_starts_processing_before_scheduling_replacement" time="0.027" /><testcase classname="core.test_replacements.WarehouseReplacementRescheduleContractTests" name="test_cancelling_delivery_closes_replacement_and_removes_active_schedule" time="0.070" /><testcase classname="core.test_replacements.WarehouseReplacementRescheduleContractTests" name="test_only_warehouse_staff_can_reschedule" time="0.035" /><testcase classname="core.test_replacements.WarehouseReplacementRescheduleContractTests" name="test_past_due_replacement_delivery_moves_to_the_new_date" time="0.059" /><testcase classname="core.test_replacements.WarehouseReplacementRescheduleContractTests" name="test_reschedule_needs_an_existing_scheduled_delivery" time="0.019" /><testcase classname="core.test_replacements.WarehouseReplacementRescheduleContractTests" name="test_reschedule_refuses_a_date_in_the_past" time="0.040" /><testcase classname="core.test_replacements.CustomerReplacementRequestContractTests" name="test_bottle_stocked_replacement_records_a_bottle_deduction" time="0.040" /><testcase classname="core.test_replacements.CustomerReplacementRequestContractTests" name="test_cancelled_replacement_does_not_block_a_new_request" time="0.035" /><testcase classname="core.test_replacements.CustomerReplacementRequestContractTests" name="test_case_order_replacement_preserves_the_submitted_bottle_quantity" time="0.033" /><testcase classname="core.test_replacements.CustomerReplacementRequestContractTests" name="test_claim_rejects_the_same_product_listed_twice" time="0.020" /><testcase classname="core.test_replacements.CustomerReplacementRequestContractTests" name="test_claim_stores_exactly_the_evidence_it_was_sent" time="0.033" /><testcase classname="core.test_replacements.CustomerReplacementRequestContractTests" name="test_claim_validates_every_line_not_only_the_first" time="0.050" /><testcase classname="core.test_replacements.CustomerReplacementRequestContractTests" name="test_completed_replacement_serializes_linked_order_pod" time="0.024" /><testcase classname="core.test_replacements.CustomerReplacementRequestContractTests" name="test_customer_can_cancel_pending_replacement_before_review" time="0.022" /><testcase classname="core.test_replacements.CustomerReplacementRequestContractTests" name="test_customer_cannot_cancel_replacement_that_is_under_review" time="0.014" /><testcase classname="core.test_replacements.CustomerReplacementRequestContractTests" name="test_customer_replacement_request_combines_multiple_order_lines_into_one_case" time="0.038" /><testcase classname="core.test_replacements.CustomerReplacementRequestContractTests" name="test_customer_replacement_request_does_not_use_order_timestamp_as_delivery_time" time="0.034" /><testcase classname="core.test_replacements.CustomerReplacementRequestContractTests" name="test_customer_replacement_request_rejects_if_previous_replacement_was_completed" time="0.017" /><testcase classname="core.test_replacements.CustomerReplacementRequestContractTests" name="test_customer_replacement_request_rejects_if_previous_replacement_was_rejected" time="0.018" /><testcase classname="core.test_replacements.CustomerReplacementRequestContractTests" name="test_customer_replacement_request_rejects_order_delivered_more_than_3_days_ago" time="0.019" /><testcase classname="core.test_replacements.CustomerReplacementRequestContractTests" name="test_customer_replacement_retry_reuses_active_request" time="0.039" /><testcase classname="core.test_replacements.CustomerReplacementRequestContractTests" name="test_legacy_case_order_preserves_its_submitted_bottle_quantity" time="0.017" /><testcase classname="core.test_replacements.CustomerReplacementRequestContractTests" name="test_mixed_case_and_bottle_replacement_deducts_requested_bottles" time="0.072" /><testcase classname="core.test_replacements.CustomerReplacementRequestContractTests" name="test_multi_product_claim_is_one_replacement_with_a_line_per_product" time="0.039" /><testcase classname="core.test_replacements.CustomerReplacementRequestContractTests" name="test_saved_replacement_succeeds_when_notifications_fail" time="0.037" /><testcase classname="core.test_replacements.CustomerReplacementRequestContractTests" name="test_scheduled_bottle_replacement_prices_only_requested_bottles" time="0.028" /><testcase classname="core.test_replacements.CustomerReplacementRequestContractTests" name="test_single_product_payload_without_lines_is_still_accepted" time="0.027" /><testcase classname="core.test_retail_pos.RetailPosApiTests" name="test_alcohol_is_deposit_exempt_even_with_glass_packaging" time="0.019" /><testcase classname="core.test_retail_pos.RetailPosApiTests" name="test_catalog_exposes_registered_selling_unit" time="0.031" /><testcase classname="core.test_retail_pos.RetailPosApiTests" name="test_completed_sale_cancellation_adds_compensating_audits" time="0.114" /><testcase classname="core.test_retail_pos.RetailPosApiTests" name="test_immediate_sale_is_idempotent_and_hidden_from_regular_orders" time="0.102" /><testcase classname="core.test_retail_pos.RetailPosApiTests" name="test_retail_checkout_consumes_stock_once_without_pickup_or_payment_fields" time="0.088" /><testcase classname="core.test_retail_pos.RetailPosApiTests" name="test_retail_products_require_authorized_assigned_warehouse_staff" time="0.014" /><testcase classname="core.test_retail_pos.RetailPosApiTests" name="test_walk_in_sale_rejects_invalid_philippine_phone" time="0.028" /><testcase classname="core.test_retail_pos.RetailPosApiTests" name="test_walk_in_sale_rejects_numbers_in_customer_name" time="0.028" /><testcase classname="core.test_single_warehouse.SingleWarehouseApiContractTests" name="test_admin_can_register_once_and_edit_profile" time="0.017" /><testcase classname="core.test_single_warehouse.SingleWarehouseApiContractTests" name="test_admin_can_reset_selected_user_password_without_user_otp" time="1.723" /><testcase classname="core.test_single_warehouse.SingleWarehouseApiContractTests" name="test_admin_email_edit_requires_both_address_proofs" time="0.028" /><testcase classname="core.test_single_warehouse.SingleWarehouseApiContractTests" name="test_capacity_cannot_be_lowered_below_current_stock" time="0.019" /><testcase classname="core.test_single_warehouse.SingleWarehouseApiContractTests" name="test_duplicate_email_is_rejected_across_account_types" time="0.017" /><testcase classname="core.test_single_warehouse.SingleWarehouseApiContractTests" name="test_inventory_and_trip_requests_reject_another_warehouse_id" time="0.026" /><testcase classname="core.test_single_warehouse.SingleWarehouseApiContractTests" name="test_operational_writes_and_dashboard_use_the_registered_warehouse" time="0.202" /><testcase classname="core.test_single_warehouse.SingleWarehouseApiContractTests" name="test_operations_fail_clearly_before_initial_setup" time="0.011" /><testcase classname="core.test_single_warehouse.SingleWarehouseApiContractTests" name="test_product_is_assigned_server_side_and_mismatched_id_is_rejected" time="0.031" /><testcase classname="core.test_single_warehouse.SingleWarehouseApiContractTests" name="test_second_registration_creates_an_independent_warehouse" time="0.015" /><testcase classname="core.test_single_warehouse.SingleWarehouseApiContractTests" name="test_warehouse_staff_can_edit_stock_batch_dates_without_changing_quantity" time="0.024" /><testcase classname="core.test_single_warehouse.SingleWarehouseApiContractTests" name="test_warehouse_staff_can_view_but_cannot_modify_profile" time="0.021" /><testcase classname="core.test_staff_auth_fallback.StaffCookieAuthFallbackTests" name="test_customer_bearer_without_staff_cookie_remains_forbidden" time="0.008" /><testcase classname="core.test_staff_auth_fallback.StaffCookieAuthFallbackTests" name="test_recovered_response_is_not_cacheable" time="0.005" /><testcase classname="core.test_staff_auth_fallback.StaffCookieAuthFallbackTests" name="test_valid_staff_cookie_recovers_from_stale_customer_bearer" time="0.008" /><testcase classname="core.test_stock_batch_transaction_sync.StockBatchTransactionSyncTests" name="test_batch_increase_cannot_exceed_warehouse_capacity" time="0.601" /><testcase classname="core.test_stock_batch_transaction_sync.StockBatchTransactionSyncTests" name="test_edit_preserves_stock_in_transaction_and_appends_adjustments" time="0.608" /><testcase classname="core.test_stock_batch_transaction_sync.StockBatchTransactionSyncTests" name="test_fully_reserved_inventory_is_not_overstocked" time="0.580" /><testcase classname="core.test_stock_batch_transaction_sync.StockBatchTransactionSyncTests" name="test_inventory_transaction_list_hides_replacement_bottle_remainders" time="0.589" /><testcase classname="core.test_sync_stamps.SyncStampBumpTests" name="test_a_real_account_edit_still_bumps" time="0.006" /><testcase classname="core.test_sync_stamps.SyncStampBumpTests" name="test_a_throttled_scope_missing_from_the_table_is_created" time="0.004" /><testcase classname="core.test_sync_stamps.SyncStampBumpTests" name="test_auth_writes_never_bump" time="0.002" /><testcase classname="core.test_sync_stamps.SyncStampBumpTests" name="test_bump_is_deferred_until_commit" time="0.004" /><testcase classname="core.test_sync_stamps.SyncStampBumpTests" name="test_high_frequency_driver_pings_do_not_bump_trips" time="0.002" /><testcase classname="core.test_sync_stamps.SyncStampBumpTests" name="test_model_write_bumps_only_its_own_scopes" time="0.004" /><testcase classname="core.test_sync_stamps.SyncStampBumpTests" name="test_path_map_prefers_the_most_specific_prefix" time="0.002" /><testcase classname="core.test_sync_stamps.SyncStampBumpTests" name="test_signing_in_does_not_make_every_device_reload" time="0.003" /><testcase classname="core.test_sync_stamps.SyncStampBumpTests" name="test_stock_write_bumps_every_scope_that_describes_stock" time="0.009" /><testcase classname="core.test_sync_stamps.SyncStampBumpTests" name="test_tracking_advances_once_per_window_however_many_pings_arrive" time="0.008" /><testcase classname="core.test_sync_stamps.SyncStampBumpTests" name="test_unknown_scopes_are_ignored" time="0.005" /><testcase classname="core.test_sync_stamps.SyncStampWritePathTests" name="test_queryset_update_still_bumps_through_the_middleware" time="0.009" /><testcase classname="core.test_sync_stamps.SyncStampWritePathTests" name="test_read_request_does_not_bump" time="0.010" /><testcase classname="core.test_sync_stamps.SyncStampWritePathTests" name="test_rejected_write_does_not_bump" time="0.006" /><testcase classname="core.test_sync_stamps.SyncStampEndpointTests" name="test_reading_stamps_costs_a_single_query" time="0.005" /><testcase classname="core.test_sync_stamps.SyncStampEndpointTests" name="test_requires_authentication" time="0.005" /><testcase classname="core.test_sync_stamps.SyncStampEndpointTests" name="test_returns_every_scope_and_is_never_cached" time="0.006" /><testcase classname="core.test_sync_stamps.SyncStampEndpointTests" name="test_revision_advances_so_other_devices_can_detect_the_change" time="0.010" /><testcase classname="core.test_trip_execution.TripExecutionApiContractTests" name="test_active_trip_check_cannot_be_bypassed_by_omitting_confirm_load" time="0.041" /><testcase classname="core.test_trip_execution.TripExecutionApiContractTests" name="test_completing_a_trip_never_overwrites_maintenance" time="0.037" /><testcase classname="core.test_trip_execution.TripExecutionApiContractTests" name="test_confirm_load_is_still_required_for_a_startable_trip" time="0.031" /><testcase classname="core.test_trip_execution.TripExecutionApiContractTests" name="test_drop_point_arrived_sets_actual_arrival" time="0.022" /><testcase classname="core.test_trip_execution.TripExecutionApiContractTests" name="test_drop_point_completion_retry_acknowledges_the_existing_delivery" time="0.028" /><testcase classname="core.test_trip_execution.TripExecutionApiContractTests" name="test_drop_point_completion_updates_trip_completion_fields" time="0.140" /><testcase classname="core.test_trip_execution.TripExecutionApiContractTests" name="test_drop_point_failed_reschedule_keeps_inventory_reserved_while_cancel_releases_it" time="0.104" /><testcase classname="core.test_trip_execution.TripExecutionApiContractTests" name="test_drop_point_failed_reschedule_other_date_requeues_order_to_route_pool" time="0.044" /><testcase classname="core.test_trip_execution.TripExecutionApiContractTests" name="test_drop_point_failed_reschedule_today_moves_stop_to_route_end" time="0.026" /><testcase classname="core.test_trip_execution.TripExecutionApiContractTests" name="test_drop_point_failed_without_reschedule_cancels_order_for_customer_tracking" time="0.054" /><testcase classname="core.test_trip_execution.TripExecutionApiContractTests" name="test_drop_point_update_forbidden_for_customer_token" time="0.014" /><testcase classname="core.test_trip_execution.TripExecutionApiContractTests" name="test_drop_point_update_forbidden_for_other_driver" time="0.015" /><testcase classname="core.test_trip_execution.TripExecutionApiContractTests" name="test_drop_point_update_requires_staff_auth" time="0.012" /><testcase classname="core.test_trip_execution.TripExecutionApiContractTests" name="test_maintenance_vehicle_cannot_start_a_trip" time="0.028" /><testcase classname="core.test_trip_execution.TripExecutionApiContractTests" name="test_route_plan_offers_in_use_trucks_but_not_maintenance" time="0.018" /><testcase classname="core.test_trip_execution.TripExecutionApiContractTests" name="test_second_trip_can_start_once_the_first_is_completed" time="0.066" /><testcase classname="core.test_trip_execution.TripExecutionApiContractTests" name="test_single_failed_drop_point_completes_trip" time="0.034" /><testcase classname="core.test_trip_execution.TripExecutionApiContractTests" name="test_sync_vehicle_status_is_idempotent_and_respects_shared_trucks" time="0.016" /><testcase classname="core.test_trip_execution.TripExecutionApiContractTests" name="test_sync_vehicle_statuses_command_reconciles_existing_fleet" time="0.028" /><testcase classname="core.test_trip_execution.TripExecutionApiContractTests" name="test_trip_complete_still_blocks_unfinished_delivery" time="0.018" /><testcase classname="core.test_trip_execution.TripExecutionApiContractTests" name="test_trip_complete_with_cancelled_delivery" time="0.026" /><testcase classname="core.test_trip_execution.TripExecutionApiContractTests" name="test_trip_start_forbidden_for_customer_token" time="0.013" /><testcase classname="core.test_trip_execution.TripExecutionApiContractTests" name="test_trip_start_forbidden_for_other_driver" time="0.016" /><testcase classname="core.test_trip_execution.TripExecutionApiContractTests" name="test_trip_start_refuses_a_trip_whose_delivery_date_has_passed" time="0.024" /><testcase classname="core.test_trip_execution.TripExecutionApiContractTests" name="test_trip_start_refuses_overdue_legacy_trip_scheduled_by_planned_start" time="0.017" /><testcase classname="core.test_trip_execution.TripExecutionApiContractTests" name="test_trip_start_refuses_second_active_trip_and_leaves_it_planned" time="0.039" /><testcase classname="core.test_trip_execution.TripExecutionApiContractTests" name="test_trip_start_rejects_a_different_scheduled_date" time="0.017" /><testcase classname="core.test_trip_execution.TripExecutionApiContractTests" name="test_trip_start_rejects_missing_trip" time="0.014" /><testcase classname="core.test_trip_execution.TripExecutionApiContractTests" name="test_trip_start_requires_load_confirmation" time="0.017" /><testcase classname="core.test_trip_execution.TripExecutionApiContractTests" name="test_trip_start_requires_staff_authentication" time="0.012" /><testcase classname="core.test_trip_execution.TripExecutionApiContractTests" name="test_trip_start_retry_acknowledges_the_existing_session" time="0.032" /><testcase classname="core.test_trip_execution.TripExecutionApiContractTests" name="test_trip_start_sets_in_progress_and_actual_start_at" time="0.045" /><testcase classname="core.test_trip_execution.TripExecutionApiContractTests" name="test_trip_stays_open_when_remaining_drop_point_is_skipped" time="0.035" /><testcase classname="core.test_trip_execution.TripExecutionApiContractTests" name="test_vehicle_is_in_use_while_trip_runs_and_available_after_completion" time="0.037" /><testcase classname="core.test_trip_execution.TripStopAliasContractTests" name="test_trip_stop_alias_behaves_like_drop_point_update" time="0.018" /><testcase classname="core.test_trip_execution.TripStopAliasContractTests" name="test_trip_stop_alias_enforces_same_auth_rules" time="0.010" /><testcase classname="core.test_trip_planning.TripsCollectionTrackingContractTests" name="test_include_tracking_returns_latest_driver_location_without_an_active_trip" time="0.013" /><testcase classname="core.test_trip_planning.TripsCollectionTrackingContractTests" name="test_trips_collection_include_tracking_and_date_filter" time="0.024" /><testcase classname="core.test_trip_planning.TripsCollectionTrackingContractTests" name="test_trips_collection_rejects_invalid_tracking_date" time="0.007" /><testcase classname="core.test_trip_planning.TripsCollectionTrackingContractTests" name="test_trips_collection_sort_completed_uses_actual_end_not_creation_or_trip_number" time="0.039" /><testcase classname="core.test_trip_planning.TripsCollectionTrackingContractTests" name="test_trips_collection_sort_keeps_tracking_date_filter" time="0.016" /><testcase classname="core.test_trip_planning.TripsCollectionTrackingContractTests" name="test_trips_collection_sort_scheduled_uses_order_delivery_date" time="0.043" /><testcase classname="core.test_trip_planning.TripsCollectionTrackingContractTests" name="test_trips_collection_sort_trip_number_desc_and_rejects_unknown_sort" time="0.025" /><testcase classname="core.test_trip_planning.TripsCollectionTrackingContractTests" name="test_trips_collection_status_filter_is_case_insensitive_and_validated" time="0.038" /><testcase classname="core.test_trip_planning.RoutePlanContractTests" name="test_route_plan_get_rejects_invalid_date" time="0.006" /><testcase classname="core.test_trip_planning.RoutePlanContractTests" name="test_route_plan_post_accepts_payload_echo" time="0.009" /><testcase classname="core.test_trip_planning.RoutePlanContractTests" name="test_route_plan_requires_staff_auth" time="0.004" /><testcase classname="core.test_trip_planning.RoutePlanStructureContractTests" name="test_route_plan_get_returns_drivers_vehicles_orders_and_grouped_plans" time="0.032" /><testcase classname="core.test_trip_planning.RoutePlanStructureContractTests" name="test_route_plan_hides_order_assigned_to_trip_until_trip_deleted" time="0.053" /><testcase classname="core.test_trip_planning.RoutePlanStructureContractTests" name="test_route_plan_uses_rescheduled_delivery_date_not_created_date" time="0.038" /><testcase classname="core.test_trip_planning.RoutePlanStructureContractTests" name="test_trip_delete_rejects_non_planned_trip" time="0.011" /><testcase classname="core.test_trip_planning.TripsPostCreationContractTests" name="test_trips_post_allows_load_up_to_full_rated_capacity" time="0.078" /><testcase classname="core.test_trip_planning.TripsPostCreationContractTests" name="test_trips_post_creates_trip_with_drop_points_and_total_count" time="0.074" /><testcase classname="core.test_trip_planning.TripsPostCreationContractTests" name="test_trips_post_rejects_order_with_passed_delivery_date" time="0.030" /><testcase classname="core.test_trip_planning.TripsPostCreationContractTests" name="test_trips_post_rejects_vehicle_overload_and_reports_excess_weight" time="0.035" /><testcase classname="core.test_trip_planning.TripsPostCreationContractTests" name="test_trips_post_replays_same_request_without_creating_a_duplicate" time="0.101" /><testcase classname="core.test_trip_planning.TripsPostCreationContractTests" name="test_trips_post_returns_404_when_driver_or_vehicle_missing" time="0.027" /><testcase classname="core.test_trip_upcoming_preview.UpcomingDeliveriesPreviewTests" name="test_admin_without_warehouse_sees_the_single_warehouse" time="0.067" /><testcase classname="core.test_trip_upcoming_preview.UpcomingDeliveriesPreviewTests" name="test_days_is_clamped_between_one_and_fourteen" time="0.039" /><testcase classname="core.test_trip_upcoming_preview.UpcomingDeliveriesPreviewTests" name="test_defaults_to_today_and_five_days_with_empty_entries" time="0.015" /><testcase classname="core.test_trip_upcoming_preview.UpcomingDeliveriesPreviewTests" name="test_five_day_window_excludes_the_sixth_day" time="0.066" /><testcase classname="core.test_trip_upcoming_preview.UpcomingDeliveriesPreviewTests" name="test_order_released_from_trip_reappears_in_preview" time="0.080" /><testcase classname="core.test_trip_upcoming_preview.UpcomingDeliveriesPreviewTests" name="test_per_day_counts_match_route_plan_for_each_day" time="0.146" /><testcase classname="core.test_trip_upcoming_preview.UpcomingDeliveriesPreviewTests" name="test_rejects_invalid_from_date" time="0.011" /><testcase classname="core.test_trip_upcoming_preview.UpcomingDeliveriesPreviewTests" name="test_requires_staff_auth" time="0.010" /><testcase classname="core.test_trip_upcoming_preview.UpcomingDeliveriesPreviewTests" name="test_warehouse_staff_can_only_query_their_own_warehouse" time="0.072" /><testcase classname="core.test_two_factor_login.TwoFactorLoginTests" name="test_customer_can_persist_two_factor_setting" time="1.148" /><testcase classname="core.test_two_factor_login.TwoFactorLoginTests" name="test_customer_challenge_accepts_customer_otp_and_issues_customer_session" time="1.783" /><testcase classname="core.test_two_factor_login.TwoFactorLoginTests" name="test_warehouse_challenge_still_accepts_staff_otp" time="1.739" /><testcase classname="core.test_upload_endpoints.UploadEndpointsAuthContractTests" name="test_upload_customer_avatar_accepts_authenticated_customer_with_image" time="0.015" /><testcase classname="core.test_upload_endpoints.UploadEndpointsAuthContractTests" name="test_upload_customer_avatar_accepts_authenticated_driver_with_image" time="0.014" /><testcase classname="core.test_upload_endpoints.UploadEndpointsAuthContractTests" name="test_upload_customer_avatar_requires_authenticated_user" time="0.008" /><testcase classname="core.test_upload_endpoints.UploadEndpointsAuthContractTests" name="test_upload_endpoints_validate_missing_and_non_image_files" time="0.011" /><testcase classname="core.test_upload_endpoints.UploadEndpointsAuthContractTests" name="test_upload_pod_image_requires_driver_role" time="0.009" /><testcase classname="core.test_upload_endpoints.UploadEndpointsAuthContractTests" name="test_upload_product_image_requires_staff_auth" time="0.008" /><testcase classname="core.test_upload_storage.ObjectStorageConfigTests" name="test_configured_when_url_and_key_are_present" time="0.003" /><testcase classname="core.test_upload_storage.ObjectStorageConfigTests" name="test_not_configured_without_credentials" time="0.002" /><testcase classname="core.test_upload_storage.ObjectStorageConfigTests" name="test_public_url_points_at_the_bucket" time="0.002" /><testcase classname="core.test_upload_storage.ProductImageUploadTests" name="test_a_rejected_upload_is_reported_rather_than_silently_lost" time="0.007" /><testcase classname="core.test_upload_storage.ProductImageUploadTests" name="test_legacy_service_role_key_remains_a_bearer_token" time="0.004" /><testcase classname="core.test_upload_storage.ProductImageUploadTests" name="test_new_secret_key_falls_back_to_persistent_disk_on_connection_reset" time="0.008" /><testcase classname="core.test_upload_storage.ProductImageUploadTests" name="test_new_secret_key_falls_back_to_persistent_disk_when_storage_requires_a_jwt" time="0.010" /><testcase classname="core.test_upload_storage.ProductImageUploadTests" name="test_new_secret_key_is_not_sent_as_a_bearer_jwt" time="0.004" /><testcase classname="core.test_upload_storage.ProductImageUploadTests" name="test_non_image_uploads_are_still_rejected" time="0.003" /><testcase classname="core.test_upload_storage.ProductImageUploadTests" name="test_real_product_images_are_resized_and_compressed_before_storage" time="0.295" /><testcase classname="core.test_upload_storage.ProductImageUploadTests" name="test_the_file_bytes_are_sent_to_the_bucket" time="0.008" /><testcase classname="core.test_upload_storage.ProductImageUploadTests" name="test_the_stored_url_is_the_bucket_url" time="0.004" /><testcase classname="core.test_upload_storage.ProductImageUploadTests" name="test_without_credentials_it_falls_back_to_local_disk_for_development" time="0.007" /><testcase classname="core.test_upload_storage.PrivateEvidenceUploadTests" name="test_new_secret_key_keeps_pod_protected_when_storage_requires_a_jwt" time="0.008" /><testcase classname="core.test_user_name_fields.UserCreationNameFieldTests" name="test_a_flat_name_alone_still_works_and_leaves_the_parts_empty" time="0.626" /><testcase classname="core.test_user_name_fields.UserCreationNameFieldTests" name="test_a_one_word_first_name_is_not_doubled" time="0.591" /><testcase classname="core.test_user_name_fields.UserCreationNameFieldTests" name="test_admin_can_change_driver_service_area" time="0.587" /><testcase classname="core.test_user_name_fields.UserCreationNameFieldTests" name="test_display_name_is_derived_from_the_parts" time="0.576" /><testcase classname="core.test_user_name_fields.UserCreationNameFieldTests" name="test_driver_requires_supported_service_area" time="0.004" /><testcase classname="core.test_user_name_fields.UserCreationNameFieldTests" name="test_driver_service_area_is_returned_for_editing" time="0.578" /><testcase classname="core.test_user_name_fields.UserCreationNameFieldTests" name="test_driver_service_area_is_saved_during_creation" time="0.576" /><testcase classname="core.test_user_name_fields.UserCreationNameFieldTests" name="test_invalid_driver_service_area_is_rejected_without_removing_existing_area" time="0.592" /><testcase classname="core.test_user_name_fields.UserCreationNameFieldTests" name="test_non_driver_does_not_require_service_area" time="0.587" /><testcase classname="core.test_user_name_fields.UserCreationNameFieldTests" name="test_staff_creation_rejects_numbers_in_name_parts" time="0.004" /><testcase classname="core.test_user_name_fields.UserCreationNameFieldTests" name="test_staff_update_rejects_numbers_without_changing_the_name" time="0.004" /><testcase classname="core.test_user_name_fields.UserCreationNameFieldTests" name="test_structured_name_parts_are_persisted" time="0.578" /><testcase classname="core.test_user_name_fields.CustomerNameValidationTests" name="test_profile_update_rejects_a_numeric_last_name" time="0.005" /><testcase classname="core.test_user_name_fields.CustomerNameValidationTests" name="test_registration_rejects_a_numeric_middle_name" time="0.003" /><testcase classname="core.test_warehouse_inventory.BulkStockInExistingProductContractTests" name="test_bulk_stock_in_accepts_current_expiry_date" time="0.024" /><testcase classname="core.test_warehouse_inventory.BulkStockInExistingProductContractTests" name="test_bulk_stock_in_rejects_past_expiry_date" time="0.008" /><testcase classname="core.test_warehouse_inventory.BulkStockInExistingProductContractTests" name="test_inventory_endpoint_excludes_inactive_product_rows" time="0.011" /><testcase classname="core.test_warehouse_inventory.BulkStockInExistingProductContractTests" name="test_rejects_product_missing_from_warehouse_inventory" time="0.014" /><testcase classname="core.test_warehouse_inventory.BulkStockInExistingProductContractTests" name="test_retry_does_not_duplicate_quantity_or_product" time="0.034" /><testcase classname="core.test_warehouse_inventory.BulkStockInExistingProductContractTests" name="test_returnable_product_stock_in_consumes_available_empties_without_requiring_full_amount" time="0.037" /><testcase classname="core.test_warehouse_inventory.BulkStockInExistingProductContractTests" name="test_single_stock_in_rejects_past_expiry_date" time="0.009" /><testcase classname="core.test_warehouse_inventory.BulkStockInExistingProductContractTests" name="test_stock_batch_edit_rejects_past_expiry_date" time="0.011" /><testcase classname="core.test_warehouse_inventory.WarehouseStaffInventoryScopeContractTests" name="test_inventory_detail_put_appends_manual_quantity_adjustment_transaction" time="0.020" /><testcase classname="core.test_warehouse_inventory.WarehouseStaffInventoryScopeContractTests" name="test_inventory_endpoint_for_admin_can_see_all_warehouses" time="0.018" /><testcase classname="core.test_warehouse_inventory.WarehouseStaffInventoryScopeContractTests" name="test_inventory_endpoint_for_warehouse_staff_rejects_other_warehouse_filter" time="0.011" /><testcase classname="core.test_warehouse_inventory.WarehouseStaffInventoryScopeContractTests" name="test_inventory_endpoint_for_warehouse_staff_returns_only_assigned_warehouse_products" time="0.016" /><testcase classname="core.test_warehouse_inventory.WarehouseStaffInventoryScopeContractTests" name="test_inventory_transactions_endpoint_for_warehouse_staff_returns_only_assigned_warehouse_transactions" time="0.018" /><testcase classname="core.test_warehouse_inventory.WarehouseStaffInventoryScopeContractTests" name="test_orders_endpoint_for_warehouse_staff_returns_only_assigned_warehouse_orders" time="0.038" /><testcase classname="core.test_warehouse_inventory.WarehouseStaffInventoryScopeContractTests" name="test_replacements_endpoint_for_warehouse_staff_rejects_other_warehouse_filter" time="0.012" /><testcase classname="core.test_warehouse_inventory.WarehouseStaffInventoryScopeContractTests" name="test_replacements_endpoint_for_warehouse_staff_returns_only_assigned_warehouse_replacements" time="0.027" /><testcase classname="core.test_warehouse_inventory.WarehouseStaffInventoryScopeContractTests" name="test_stock_batch_quantity_edit_preserves_stock_in_and_records_adjustments" time="0.044" /><testcase classname="core.test_warehouse_inventory.WarehouseStaffInventoryScopeContractTests" name="test_stock_batches_endpoint_for_warehouse_staff_returns_only_assigned_warehouse_batches" time="0.015" /><testcase classname="core.test_warehouse_inventory.WarehouseStaffInventoryScopeContractTests" name="test_trips_endpoint_for_warehouse_staff_returns_only_assigned_warehouse_trips" time="0.090" /><testcase classname="core.test_warehouse_inventory.WarehouseStaffInventoryScopeContractTests" name="test_warehouses_endpoint_for_warehouse_staff_returns_only_assigned_warehouse" time="0.017" /><testcase classname="core.test_driver_service_areas.ServiceAreaMigrationTests" name="test_multiple_assignments_and_audit_details_survive_round_trip" time="2.027" /><testcase classname="core.test_mixed_case.MixedCaseConcurrencyTests" name="test_simultaneous_standard_orders_cannot_oversell" time="0.019"><skipped type="pytest.skip" message="Database doesn't support feature(s): has_select_for_update">C:\CAPSTONE\backend\core\test_mixed_case.py:589: Database doesn't support feature(s): has_select_for_update</skipped></testcase><testcase classname="core.test_mixed_case_backend_guards.MixedCaseBackendGuardConcurrencyTests" name="test_concurrent_replacement_scheduling_is_singleton_and_delivery_updates_progress" time="0.019"><skipped type="pytest.skip" message="Database doesn't support feature(s): has_select_for_update">C:\CAPSTONE\backend\core\test_mixed_case_backend_guards.py:511: Database doesn't support feature(s): has_select_for_update</skipped></testcase><testcase classname="core.test_mixed_case_backend_guards.MixedCaseBackendGuardConcurrencyTests" name="test_delivery_and_customer_cancellation_finish_in_one_consistent_state" time="0.017"><skipped type="pytest.skip" message="Database doesn't support feature(s): has_select_for_update">C:\CAPSTONE\backend\core\test_mixed_case_backend_guards.py:577: Database doesn't support feature(s): has_select_for_update</skipped></testcase><testcase classname="core.test_transaction_migrations.TransactionDocumentMigrationTests" name="test_existing_transactions_keep_ids_documents_charges_and_retail_details" time="4.414" /><testcase classname="core.test_auth_sessions.ApiErrorResponseTests" name="test_api_exceptions_have_safe_json_and_matching_log_reference" time="0.004" /><testcase classname="core.test_auth_sessions.ApiErrorResponseTests" name="test_non_api_exceptions_keep_existing_handling" time="0.002" /><testcase classname="core.test_beverage_categories.BeverageCategorySpecificationTests" name="test_alcohol_is_glass_but_deposit_exempt" time="0.002" /><testcase classname="core.test_beverage_categories.BeverageCategorySpecificationTests" name="test_every_supported_category_has_the_required_container" time="0.001" /><testcase classname="core.test_beverage_categories.BeverageCategorySpecificationTests" name="test_legacy_category_spacing_is_canonicalized" time="0.001" /><testcase classname="core.test_discount_threshold.OrderDiscountThresholdTests" name="test_bottles_do_not_count_as_cases" time="0.002" /><testcase classname="core.test_discount_threshold.OrderDiscountThresholdTests" name="test_exactly_fifty_cases_receives_discount" time="0.002" /><testcase classname="core.test_discount_threshold.OrderDiscountThresholdTests" name="test_forty_nine_cases_does_not_receive_discount" time="0.002" /><testcase classname="core.test_driver_service_areas.PortalCookieTests" name="test_remembered_staff_portal_does_not_select_customer_cookie" time="0.002" /><testcase classname="core.test_google_oauth_audiences.GoogleOAuthAudienceTests" name="test_additional_production_web_client_is_accepted" time="0.002" /><testcase classname="core.test_google_oauth_audiences.GoogleOAuthAudienceTests" name="test_customer_endpoint_still_rejects_missing_configuration" time="0.002" /><testcase classname="core.test_google_oauth_audiences.GoogleOAuthAudienceTests" name="test_customer_endpoint_uses_the_configured_audience_list" time="0.003" /><testcase classname="core.test_google_oauth_audiences.GoogleOAuthAudienceTests" name="test_unconfigured_client_is_rejected" time="0.003" /><testcase classname="core.test_pod_overlay.PodOverlayTests" name="test_burns_overlay_into_readable_jpeg" time="0.051" /><testcase classname="core.test_pod_overlay.PodOverlayTests" name="test_parses_valid_capture_metadata" time="0.002" /><testcase classname="core.test_pod_overlay.PodOverlayTests" name="test_rejects_out_of_range_coordinates" time="0.002" /><testcase classname="core.test_push_notifications.NativePushPresentationTests" name="test_android_alert_uses_high_importance_channel" time="0.003" /><testcase classname="core.test_retail_pos.RetailPosMoneyTests" name="test_case_deposit_uses_registered_case_rate_and_prorates_partial_coverage" time="0.002" /><testcase classname="core.test_retail_pos.RetailPosMoneyTests" name="test_empty_quantity_cannot_exceed_eligible_bottles" time="0.001" /><testcase classname="core.test_retail_pos.RetailPosMoneyTests" name="test_full_empty_coverage_reaches_zero" time="0.002" /><testcase classname="core.test_retail_pos.RetailPosMoneyTests" name="test_loose_deposit_only_charges_uncovered_bottles" time="0.001" /><testcase classname="core.test_retail_pos.RetailPosMoneyTests" name="test_mixed_case_rejects_more_than_two_products" time="0.001" /><testcase classname="core.test_retail_pos.RetailPosMoneyTests" name="test_sale_totals_do_not_include_ui_cash_or_balances" time="0.001" /><testcase classname="core.test_settings.DatabaseUrlParsingTests" name="test_explicit_sslrootcert_is_preserved" time="0.002" /><testcase classname="core.test_settings.DatabaseUrlParsingTests" name="test_pooler_url_defaults_to_require_without_sslrootcert" time="0.001" /><testcase classname="core.test_settings.DatabaseUrlParsingTests" name="test_session_pooler_remains_unchanged" time="0.001" /><testcase classname="core.test_settings.DatabaseUrlParsingTests" name="test_transaction_pooler_runtime_url_preserves_port_and_disables_preparation" time="0.002" /><testcase classname="core.test_settings.DatabaseUrlParsingTests" name="test_verify_full_uses_cert_bundle_when_available" time="0.003" /></testsuite></testsuites>