<?xml version="1.0" encoding="utf-8"?><testsuites name="pytest tests"><testsuite name="pytest" errors="0" failures="0" skipped="0" tests="40" time="16.642" timestamp="2026-09-23T23:10:48.623102+08:00" hostname="Jason"><testcase classname="core.test_auth_trip_feedback_flows.AuthenticationFlowTests" name="test_valid_staff_credentials_create_token_and_update_last_login" time="1.513" /><testcase classname="core.test_auth_trip_feedback_flows.AuthenticationFlowTests" name="test_login_two_factor_challenge_and_valid_otp_issue_session" time="1.363" /><testcase classname="core.test_auth_trip_feedback_flows.AuthenticationFlowTests" name="test_customer_email_verification_request_and_confirm_issue_token" time="1.084" /><testcase classname="core.test_auth_trip_feedback_flows.AuthenticationFlowTests" name="test_password_reset_otp_updates_customer_password" time="5.653" /><testcase classname="core.test_auth_trip_feedback_flows.AuthenticationFlowTests" name="test_customer_google_auth_creates_verified_account_pending_approval" time="1.321" /><testcase classname="core.test_auth_trip_feedback_flows.AuthenticationFlowTests" name="test_customer_google_auth_rejects_unverified_email" time="0.669" /><testcase classname="core.test_staff_auth_fallback.StaffCookieAuthFallbackTests" name="test_valid_staff_cookie_recovers_from_stale_customer_bearer" time="0.011" /><testcase classname="core.test_customer_orders.CustomerTrackingApiContractTests" name="test_customer_profile_put_persists_first_and_last_names" time="0.015" /><testcase classname="core.test_driver_api.DriverProfileApiContractTests" name="test_driver_profile_rejects_invalid_phone_and_past_license_expiry" time="0.017" /><testcase classname="core.test_upload_endpoints.UploadEndpointsAuthContractTests" name="test_upload_endpoints_validate_missing_and_non_image_files" time="0.012" /><testcase classname="core.test_notifications_feedback.NotificationsApiContractTests" name="test_get_notifications_includes_unread_count_and_scopes_to_authenticated_user" time="0.011" /><testcase classname="core.test_driver_license_qualification.DriverVehicleAssignmentApiTests" name="test_assigning_code_c_driver_to_truck_succeeds" time="0.013" /><testcase classname="core.test_single_warehouse.SingleWarehouseApiContractTests" name="test_capacity_cannot_be_lowered_below_current_stock" time="0.027" /><testcase classname="core.test_product_weights.ProductWeightApiContractTests" name="test_registration_calculates_weight_without_client_value" time="0.020" /><testcase classname="core.test_single_warehouse.SingleWarehouseApiContractTests" name="test_admin_can_register_once_and_edit_profile" time="0.020" /><testcase classname="core.test_product_weights.ProductWeightApiContractTests" name="test_product_edit_recalculates_weight" time="0.021" /><testcase classname="core.test_warehouse_inventory.BulkStockInExistingProductContractTests" name="test_retry_does_not_duplicate_quantity_or_product" time="0.039" /><testcase classname="core.test_inventory_transaction_stock_changes.InventoryTransactionStockChangeTests" name="test_fefo_stock_out_records_before_and_after_stock" time="0.025" /><testcase classname="core.test_warehouse_inventory.BulkStockInExistingProductContractTests" name="test_bulk_stock_in_rejects_past_expiry_date" time="0.009" /><testcase classname="core.test_empty_case_inventory.EmptyCaseInventoryTests" name="test_balance_uses_only_delivered_returns_for_exact_product_and_warehouse" time="0.037" /><testcase classname="core.test_mixed_case.MixedCaseApiTests" name="test_checkout_is_server_priced_and_idempotent" time="0.152" /><testcase classname="core.test_stock_batch_transaction_sync.StockBatchTransactionSyncTests" name="test_edit_preserves_stock_in_transaction_and_appends_adjustments" time="0.740" /><testcase classname="core.test_customer_orders.PurchaseOrderApprovalStockTests" name="test_approval_rechecks_stock_and_returns_conflict_without_reserving" time="0.116" /><testcase classname="core.test_customer_orders.CustomerOrdersApiContractTests" name="test_customer_cannot_cancel_preparing_order" time="0.020" /><testcase classname="core.test_order_workflow.PurchaseRequestWorkflowTests" name="test_warehouse_approval_creates_purchase_order_metadata" time="0.060" /><testcase classname="core.test_order_workflow.PurchaseRequestWorkflowTests" name="test_reject_pending_request_requires_reason_and_does_not_create_purchase_order" time="0.060" /><testcase classname="core.test_retail_pos.RetailPosApiTests" name="test_immediate_sale_is_idempotent_and_hidden_from_regular_orders" time="0.152" /><testcase classname="core.test_customer_orders.CustomerOrdersApiContractTests" name="test_customer_order_create_defaults_to_pending" time="0.268" /><testcase classname="core.test_trip_planning.TripsPostCreationContractTests" name="test_trips_post_creates_trip_with_drop_points_and_total_count" time="0.206" /><testcase classname="core.test_trip_execution.TripExecutionApiContractTests" name="test_trip_start_requires_load_confirmation" time="0.044" /><testcase classname="core.test_driver_api.DriverLocationAccuracyContractTests" name="test_inaccurate_sample_cannot_overwrite_reliable_driver_location" time="0.041" /><testcase classname="core.test_customer_orders.CustomerTrackingApiContractTests" name="test_customer_tracking_returns_status_and_order_status_for_compatibility" time="0.068" /><testcase classname="core.test_trip_planning.TripsPostCreationContractTests" name="test_trips_post_rejects_vehicle_overload_and_reports_excess_weight" time="0.095" /><testcase classname="core.test_order_workflow.DeliveryLifecycleFlowContractTests" name="test_delivery_lifecycle_end_to_end" time="0.317" /><testcase classname="core.test_trip_execution.TripExecutionApiContractTests" name="test_drop_point_failed_reschedule_today_moves_stop_to_route_end" time="0.070" /><testcase classname="core.test_replacements.CustomerReplacementRequestContractTests" name="test_customer_replacement_retry_reuses_active_request" time="0.115" /><testcase classname="core.test_replacements.CustomerReplacementRequestContractTests" name="test_customer_replacement_request_rejects_order_delivered_more_than_3_days_ago" time="0.055" /><testcase classname="core.test_replacements.CustomerReplacementRequestContractTests" name="test_completed_replacement_serializes_linked_order_pod" time="0.066" /><testcase classname="core.test_auth_trip_feedback_flows.FeedbackFlowTests" name="test_completed_order_feedback_is_persisted" time="0.044" /><testcase classname="core.test_pod_overlay.PodOverlayTests" name="test_burns_overlay_into_readable_jpeg" time="0.112" /></testsuite></testsuites>