<?xml version="1.0" encoding="utf-8"?><testsuites name="pytest tests"><testsuite name="pytest" errors="0" failures="0" skipped="0" tests="4" time="3.094" timestamp="2026-09-23T23:57:44.502465+08:00" hostname="Jason"><testcase classname="core.test_customer_orders.PurchaseOrderApprovalStockTests" name="test_approval_rechecks_stock_and_returns_conflict_without_reserving" time="2.696" /><testcase classname="core.test_customer_orders.CustomerOrdersApiContractTests" name="test_customer_cannot_cancel_preparing_order" time="0.019" /><testcase classname="core.test_order_workflow.PurchaseRequestWorkflowTests" name="test_warehouse_approval_creates_purchase_order_metadata" time="0.065" /><testcase classname="core.test_order_workflow.PurchaseRequestWorkflowTests" name="test_reject_pending_request_requires_reason_and_does_not_create_purchase_order" time="0.062" /></testsuite></testsuites>